<?xml version="1.0" encoding="UTF-8"?>
<!-- Generated by org.testng.reporters.JUnitReportReporter -->
<testsuite skipped="0" hostname="LAPTOP-I5MPUN7Q" name="com.mystore.testcases.EndToEndTest" tests="1" failures="0" timestamp="2022-06-17T14:41:25 IST" time="166.120" errors="0">
  <testcase name="endToEndTest" time="166.120" classname="com.mystore.testcases.EndToEndTest"/>
  <system-out/>
</testsuite> <!-- com.mystore.testcases.EndToEndTest -->
