<?xml version="1.0" encoding="UTF-8"?>
<!-- Generated by org.testng.reporters.JUnitReportReporter -->
<testsuite skipped="0" hostname="LAPTOP-I5MPUN7Q" name="com.mystore.testcases.HomePageTest" tests="2" failures="0" timestamp="2022-06-17T15:36:59 IST" time="51.011" errors="0">
  <testcase name="wishListTest" time="26.858" classname="com.mystore.testcases.HomePageTest"/>
  <system-out/>
  <testcase name="orderHistoryTest" time="24.153" classname="com.mystore.testcases.HomePageTest"/>
  <system-out/>
</testsuite> <!-- com.mystore.testcases.HomePageTest -->
