<?xml version="1.0" encoding="UTF-8"?>
<!-- Generated by org.testng.reporters.JUnitReportReporter -->
<testsuite skipped="0" hostname="LAPTOP-I5MPUN7Q" name="com.mystore.testcases.IndexPageTest" tests="2" failures="0" timestamp="2022-06-17T14:41:25 IST" time="28.722" errors="0">
  <testcase name="verifyTitle" time="12.183" classname="com.mystore.testcases.IndexPageTest"/>
  <system-out/>
  <testcase name="verifyLogo" time="16.539" classname="com.mystore.testcases.IndexPageTest"/>
  <system-out/>
</testsuite> <!-- com.mystore.testcases.IndexPageTest -->
