<?xml version="1.0" encoding="UTF-8"?>
<!-- Generated by org.testng.reporters.JUnitReportReporter -->
<testsuite skipped="0" hostname="LAPTOP-I5MPUN7Q" name="com.mystore.testcases.AccountCreationPageTest" tests="1" failures="0" timestamp="2022-06-17T14:41:25 IST" time="18.181" errors="0">
  <testcase name="verifyAccountPageTest" time="18.181" classname="com.mystore.testcases.AccountCreationPageTest"/>
  <system-out/>
</testsuite> <!-- com.mystore.testcases.AccountCreationPageTest -->
