<?xml version="1.0" encoding="UTF-8"?>
<!-- Generated by org.testng.reporters.JUnitReportReporter -->
<testsuite skipped="0" hostname="LAPTOP-I5MPUN7Q" name="com.mystore.testcases.AddToCartTest" tests="1" failures="0" timestamp="2022-06-17T15:39:53 IST" time="32.431" errors="0">
  <testcase name="addToCart" time="32.431" classname="com.mystore.testcases.AddToCartTest"/>
  <system-out/>
</testsuite> <!-- com.mystore.testcases.AddToCartTest -->
